<?xml version="1.0" encoding="UTF-8"?>
<!-- Generated by org.testng.reporters.JUnitReportReporter -->
<testsuite hostname="aspirePC" failures="0" tests="2" name="com.maven.DA_1.LoginValidatorTest" time="0.059" errors="0" timestamp="2023-09-20T15:58:12 IST" skipped="0">
  <testcase classname="com.maven.DA_1.LoginValidatorTest" name="testValidCredentials" time="0.001"/>
  <testcase classname="com.maven.DA_1.LoginValidatorTest" name="testInvalidCredentials" time="0.058"/>
</testsuite> <!-- com.maven.DA_1.LoginValidatorTest -->
