<?xml version="1.0" encoding="UTF-8"?>
<!-- Generated by org.testng.reporters.JUnitReportReporter -->
<testsuite hostname="HareKrishna" failures="0" tests="2" name="com.maven.DA_1.LoginValidatorTest" time="0.006" errors="0" timestamp="2023-10-30T21:16:21 IST" skipped="0">
  <testcase classname="com.maven.DA_1.LoginValidatorTest" name="testValidCredentials" time="0.001"/>
  <testcase classname="com.maven.DA_1.LoginValidatorTest" name="testInvalidCredentials" time="0.005"/>
</testsuite> <!-- com.maven.DA_1.LoginValidatorTest -->
