<?xml version="1.0" encoding="UTF-8"?>
<!-- Generated by org.testng.reporters.JUnitReportReporter -->
<testsuite hostname="aspirePC" failures="0" tests="1" name="com.maven.DA_1.AppTest" time="0.003" errors="0" timestamp="2023-09-20T15:58:12 IST" skipped="0">
  <testcase classname="com.maven.DA_1.AppTest" name="testApp" time="0.003"/>
</testsuite> <!-- com.maven.DA_1.AppTest -->
